# Info: [9566]: Logging session transcript to file /home/gla/npm-lib-ssh/lab1/precision.log
//  Precision RTL Synthesis 2008a.47 (Production Release) Tue Dec  9 03:06:25 PST 2008
//  
//  Copyright (c) Mentor Graphics Corporation, 1996-2008, All Rights Reserved.
//             Portions copyright 1991-2004 Compuware Corporation
//                       UNPUBLISHED, LICENSED SOFTWARE.
//            CONFIDENTIAL AND PROPRIETARY INFORMATION WHICH IS THE
//          PROPERTY OF MENTOR GRAPHICS CORPORATION OR ITS LICENSORS
//  
//  Running on Linux gla@ecelinux5.uwaterloo.ca #1 SMP Wed Nov 11 08:12:41 EST 2015 2.6.18-407.el5 x86_64
//  
//  Start time Tue Jan 12 16:05:14 2016
# -------------------------------------------------
# Info: [9566]: Logging session transcript to file /home/gla/npm-lib-ssh/lab1/precision.log
# 
# COMMAND: dofile uw_tmp/uw-gate-synth-precision_rtl.tcl
# Info: [9575]: Results directory: /home/gla/npm-lib-ssh/lab1/uw_tmp/
# Info: [9569]: Moving session transcript to file /home/gla/npm-lib-ssh/lab1/uw_tmp/precision.log
# Info: [15291]:  Setting up the design to use synthesis library "cycloneii.syn"
# Info: [566]: The global max fanout is currently set to 1000 for Altera - Cyclone II.
# Info:  Setting Part to: "EP2C35F672C"
# Info:  Setting Process to: "7"
# Info: [3021]: Reading file: /opt/Precision_Synthesis_2008a.47/Mgc_home/pkgs/psr/techlibs/cycloneii.syn.
# Info: [618]: Loading library initialization file /opt/Precision_Synthesis_2008a.47/Mgc_home/pkgs/psr/userware/yeager_rename.tcl
# Info: [40000]: vhdlorder, Release 2008a.22
# Info: [40000]: Files sorted successfully.
# Info: [40000]: hdl-analyze, Release RTLC-Precision 2008a.22
# Info: [42502]: Analyzing input file "/home/gla/npm-lib-ssh/lab1/sum.vhd" ...
# Info: [641]: Current working directory: /home/gla/npm-lib-ssh/lab1/uw_tmp/.
# Info: [40000]: RTLC-Driver, Release RTLC-Precision 2008a.22
# Info: [40000]: Last compiled on Nov 27 2008 12:40:04
# Info: [44512]: Initializing...
# Info: [44504]: Partitioning design ....
# Info: [40000]: RTLCompiler, Release RTLC-Precision 2008a.22
# Info: [40000]: Last compiled on Nov 27 2008 12:46:53
# Info: [44512]: Initializing...
# Info: [44522]: Root Module work.sum(main): Pre-processing...
# Info: [44523]: Root Module work.sum(main): Compiling...
# Info: [44842]: Compilation successfully completed.
# Info: [44835]: Total CPU time taken for compilation: 0.0 secs.
# Info: [44856]: Total lines of RTL compiled: 7.
# Info: [44513]: Overall running time 0.0 secs.
# Info: [641]: Current working directory: /home/gla/npm-lib-ssh/lab1/uw_tmp/.
# Info: [644]: Finished compiling design.
# Info: -- Saving the design database in uw_tmp/sum_gate.xdb
# Info: [3026]: Writing file: uw_tmp/sum_gate.vhd.
# Info: Info, Command 'auto_write' finished successfully
# Info: *** synthesis to generic gates succeeded ***
dofile uw_tmp/uw-gate-synth-precision_rtl.tcl
# 
# COMMAND: exit -force
# 
# COMMAND: close_results_dir
# Info: [9578]: Results directory is closed.
close_results_dir
exit -force
