QuestaSim vmap 10.4a Lib Mapping Utility 2015.03 Mar 24 2015
vmap -c 
Warning: vmap will not overwrite local modelsim.ini.
Warning: Library already exists at "work-msim".
** Warning: (vlib-34) Library already exists at "work-msim".
 QuestaSim vcom 10.4a Compiler 2015.03 Mar 24 2015
Start time: 14:47:30 on Mar 23,2016
vcom -93 "+acc" -work work-msim mem.vhd kirsch_synth_pkg.vhd kirsch.vhd string_pkg.vhd kirsch_synth_pkg.vhd kirsch_unsynth_pkg.vhd kirsch_tb.vhd 
-- Loading package STANDARD
-- Loading package TEXTIO
-- Loading package std_logic_1164
-- Loading package NUMERIC_STD
-- Compiling entity mem
-- Compiling architecture main of mem
-- Compiling package kirsch_synth_pkg
-- Compiling package body kirsch_synth_pkg
-- Loading package kirsch_synth_pkg
-- Compiling package state_pkg
-- Loading package state_pkg
-- Loading package kirsch_synth_pkg
-- Compiling entity kirsch
-- Compiling architecture main of kirsch
-- Loading entity mem
-- Compiling package string_pkg
-- Compiling package body string_pkg
-- Loading package string_pkg
-- Compiling package kirsch_synth_pkg
-- Compiling package body kirsch_synth_pkg
-- Loading package kirsch_synth_pkg
-- Compiling package file_pkg
-- Compiling package body file_pkg
-- Loading package file_pkg
-- Loading package string_pkg
-- Loading package file_pkg
-- Loading package kirsch_synth_pkg
-- Compiling package kirsch_unsynth_pkg
-- Compiling package body kirsch_unsynth_pkg
-- Loading package kirsch_unsynth_pkg
-- Loading package kirsch_unsynth_pkg
-- Compiling entity kirsch_tb
-- Compiling architecture main of kirsch_tb
-- Loading entity kirsch
End time: 14:47:30 on Mar 23,2016, Elapsed time: 0:00:00
Errors: 0, Warnings: 0

