uw-sim /opt-src/CMC/local/maagaard/ece327/bin/uw-sim kirsch.vhd
INFO: Using testbench        : kirsch_tb
INFO: Using design entity    : kirsch
INFO: Using simulation script: kirsch_tb.sim
QuestaSim vmap 10.4a Lib Mapping Utility 2015.03 Mar 24 2015
vmap -c 
Warning: vmap will not overwrite local modelsim.ini.
Warning: Library already exists at "work-msim".
** Warning: (vlib-34) Library already exists at "work-msim".
 QuestaSim vcom 10.4a Compiler 2015.03 Mar 24 2015
Start time: 18:10:48 on Mar 23,2016
vcom -93 "+acc" -work work-msim kirsch.vhd kirsch_tb.vhd 
-- Loading package STANDARD
-- Loading package TEXTIO
-- Loading package std_logic_1164
-- Loading package NUMERIC_STD
-- Compiling package state_pkg
-- Loading package state_pkg
-- Loading package kirsch_synth_pkg
-- Compiling entity kirsch
-- Compiling architecture main of kirsch
-- Loading entity mem
-- Loading package file_pkg
-- Loading package string_pkg
-- Loading package kirsch_unsynth_pkg
-- Compiling entity kirsch_tb
-- Compiling architecture main of kirsch_tb
-- Loading entity kirsch
End time: 18:10:48 on Mar 23,2016, Elapsed time: 0:00:00
Errors: 0, Warnings: 0

Reading pref.tcl
INFO: Keyboard interrupt when running `vsim -lib work-msim  -L /opt-src/CMC/local/maagaard/kits-sim/altera/altera -L /opt-src/CMC/local/maagaard/kits-sim/altera/altera_mf -L /opt-src/CMC/local/maagaard/kits-sim/altera/cycloneii   -g/kirsch_tb/period=20   -wlf uw_tmp/vsim.wlf -t 1ns -do uw_tmp/uw-sim.tcl kirsch_tb(main)'
